<?xml version="1.0" encoding="UTF-8"?>
<!-- Generated by org.testng.reporters.JUnitReportReporter -->
<testsuite skipped="0" hostname="ravinder-PC" name="TestCases.login" tests="1" failures="0" timestamp="12 Apr 2020 16:45:10 GMT" time="36.373" errors="0">
  <testcase name="loginApplication" time="36.373" classname="TestCases.login"/>
</testsuite> <!-- TestCases.login -->
