<?xml version="1.0" encoding="UTF-8"?>
<!-- Generated by org.testng.reporters.JUnitReportReporter -->
<testsuite hostname="ravinder-PC" failures="0" tests="1" name="login" time="5.219" errors="0" timestamp="03 Apr 2020 11:32:49 GMT" skipped="0">
  <testcase classname="login" name="loginApplication" time="5.219"/>
</testsuite> <!-- login -->
