<?xml version="1.0" encoding="UTF-8"?>
<!-- Generated by org.testng.reporters.JUnitReportReporter -->
<testsuite hostname="ravinder-PC" failures="0" tests="1" name="TestCases.readDataFromExcel" time="1.406" errors="0" timestamp="08 Apr 2020 07:07:50 GMT" skipped="0">
  <testcase classname="TestCases.readDataFromExcel" name="readData" time="1.406"/>
</testsuite> <!-- TestCases.readDataFromExcel -->
