<?xml version="1.0" encoding="UTF-8"?>
<!-- Generated by org.testng.reporters.JUnitReportReporter -->
<testsuite hostname="ravinder-PC" failures="0" tests="1" name="TestCases.writeDataToExcel" time="1.380" errors="0" timestamp="10 Apr 2020 07:50:16 GMT" skipped="0">
  <testcase classname="TestCases.writeDataToExcel" name="writeExcel" time="1.380"/>
</testsuite> <!-- TestCases.writeDataToExcel -->
